[debug] [2021-02-03T00:34:42.935Z] ----------------------------------------------------------------------
[debug] [2021-02-03T00:34:42.938Z] Command:       C:\Program Files\nodejs\node.exe C:\Users\ikaco\AppData\Roaming\npm\node_modules\firebase-tools\lib\bin\firebase.js emulators:start
[debug] [2021-02-03T00:34:42.939Z] CLI Version:   9.2.2
[debug] [2021-02-03T00:34:42.939Z] Platform:      win32
[debug] [2021-02-03T00:34:42.939Z] Node Version:  v12.17.0
[debug] [2021-02-03T00:34:42.940Z] Time:          Wed Feb 03 2021 01:34:42 GMT+0100 (Central European Standard Time)
[debug] [2021-02-03T00:34:42.941Z] ----------------------------------------------------------------------
[debug] [2021-02-03T00:34:42.941Z] 
[debug] [2021-02-03T00:34:42.951Z] > command requires scopes: ["email","openid","https://www.googleapis.com/auth/cloudplatformprojects.readonly","https://www.googleapis.com/auth/firebase","https://www.googleapis.com/auth/cloud-platform"]
[debug] [2021-02-03T00:34:42.952Z] > authorizing via signed-in user
[info] i  emulators: Starting emulators: functions, hosting {"metadata":{"emulator":{"name":"hub"},"message":"Starting emulators: functions, hosting"}}
[warn] !  emulators: It seems that you are running multiple instances of the emulator suite for project clone-c113d. This may result in unexpected behavior. 
[debug] [2021-02-03T00:34:45.003Z] [hub] writing locator at C:\Users\ikaco\AppData\Local\Temp\hub-clone-c113d.json
[warn] !  functions: The following emulators are not running, calls to these services from the Functions emulator will affect production: auth, firestore, database, pubsub {"metadata":{"emulator":{"name":"functions"},"message":"The following emulators are not running, calls to these services from the Functions emulator will affect production: \u001b[1mauth, firestore, database, pubsub\u001b[22m"}}
[info] +  functions: Using node@12 from host. {"metadata":{"emulator":{"name":"functions"},"message":"Using node@12 from host."}}
[debug] [2021-02-03T00:34:47.046Z] defaultcredentials: writing to file C:\Users\ikaco\AppData\Roaming\firebase\krsteski_ilija_gmail.com_application_default_credentials.json
[debug] [2021-02-03T00:34:47.052Z] Setting GAC to C:\Users\ikaco\AppData\Roaming\firebase\krsteski_ilija_gmail.com_application_default_credentials.json {"metadata":{"emulator":{"name":"functions"},"message":"Setting GAC to C:\\Users\\ikaco\\AppData\\Roaming\\firebase\\krsteski_ilija_gmail.com_application_default_credentials.json"}}
[debug] [2021-02-03T00:34:47.057Z] > refreshing access token with scopes: []
[debug] [2021-02-03T00:34:47.058Z] >>> HTTP REQUEST POST https://www.googleapis.com/oauth2/v3/token  
 <request body omitted>
[debug] [2021-02-03T00:34:47.174Z] <<< HTTP RESPONSE 200 {"date":"Wed, 03 Feb 2021 00:34:46 GMT","expires":"Mon, 01 Jan 1990 00:00:00 GMT","pragma":"no-cache","cache-control":"no-cache, no-store, max-age=0, must-revalidate","content-type":"application/json; charset=utf-8","vary":"X-Origin, Referer, Origin,Accept-Encoding","server":"scaffolding on HTTPServer2","x-xss-protection":"0","x-frame-options":"SAMEORIGIN","x-content-type-options":"nosniff","alt-svc":"h3-29=\":443\"; ma=2592000,h3-T051=\":443\"; ma=2592000,h3-Q050=\":443\"; ma=2592000,h3-Q046=\":443\"; ma=2592000,h3-Q043=\":443\"; ma=2592000,quic=\":443\"; ma=2592000; v=\"46,43\"","accept-ranges":"none","transfer-encoding":"chunked"}
[debug] [2021-02-03T00:34:47.303Z] >>> [apiv2][query] GET https://firebase.googleapis.com/v1beta1/projects/clone-c113d/adminSdkConfig [none]
[debug] [2021-02-03T00:34:47.653Z] <<< [apiv2][status] GET https://firebase.googleapis.com/v1beta1/projects/clone-c113d/adminSdkConfig 200
[debug] [2021-02-03T00:34:47.653Z] <<< [apiv2][body] GET https://firebase.googleapis.com/v1beta1/projects/clone-c113d/adminSdkConfig {"projectId":"clone-c113d","storageBucket":"clone-c113d.appspot.com","locationId":"us-central"}
[debug] [2021-02-03T00:34:49.809Z] >>> [apiv2][query] GET https://firebase.googleapis.com/v1beta1/projects/clone-c113d/webApps/-/config [none]
[debug] [2021-02-03T00:34:50.646Z] <<< [apiv2][status] GET https://firebase.googleapis.com/v1beta1/projects/clone-c113d/webApps/-/config 200
[debug] [2021-02-03T00:34:50.646Z] <<< [apiv2][body] GET https://firebase.googleapis.com/v1beta1/projects/clone-c113d/webApps/-/config {"projectId":"clone-c113d","appId":"1:649576604985:web:99ecfa65aaaf5c1aca34e8","storageBucket":"clone-c113d.appspot.com","locationId":"us-central","apiKey":"AIzaSyBZVJK1jXFFuBxs1V7S7D_2z9_BjooFQZA","authDomain":"clone-c113d.firebaseapp.com","messagingSenderId":"649576604985"}
[info] i  hosting: Serving hosting files from: build {"metadata":{"emulator":{"name":"hosting"},"message":"Serving hosting files from: \u001b[1mbuild\u001b[22m"}}
[info] +  hosting: Local server: http://localhost:5000 {"metadata":{"emulator":{"name":"hosting"},"message":"Local server: \u001b[4m\u001b[1mhttp://localhost:5000\u001b[22m\u001b[24m"}}
[warn] !  ui: Emulator UI unable to start on port 4000, starting on 4001 instead. {"metadata":{"emulator":{"name":"ui"},"message":"Emulator UI unable to start on port 4000, starting on 4001 instead."}}
[debug] [2021-02-03T00:34:52.792Z] Ignoring unsupported arg: auto_download {"metadata":{"emulator":{"name":"ui"},"message":"Ignoring unsupported arg: auto_download"}}
[debug] [2021-02-03T00:34:52.792Z] Ignoring unsupported arg: port {"metadata":{"emulator":{"name":"ui"},"message":"Ignoring unsupported arg: port"}}
[debug] [2021-02-03T00:34:52.792Z] Starting Emulator UI with command {"binary":"node","args":["C:\\Users\\ikaco\\.cache\\firebase\\emulators\\ui-v1.4.1\\server.bundle.js"],"optionalArgs":[],"joinArgs":false} {"metadata":{"emulator":{"name":"ui"},"message":"Starting Emulator UI with command {\"binary\":\"node\",\"args\":[\"C:\\\\Users\\\\ikaco\\\\.cache\\\\firebase\\\\emulators\\\\ui-v1.4.1\\\\server.bundle.js\"],\"optionalArgs\":[],\"joinArgs\":false}"}}
[info] i  ui: Emulator UI logging to ui-debug.log {"metadata":{"emulator":{"name":"ui"},"message":"Emulator UI logging to \u001b[1mui-debug.log\u001b[22m"}}
[debug] [2021-02-03T00:34:53.044Z] Web / API server started at http://localhost:4001
 {"metadata":{"emulator":{"name":"ui"},"message":"Web / API server started at http://localhost:4001\n"}}
[info] i  functions: Watching "C:\Users\ikaco\Desktop\amazon-asus\functions" for Cloud Functions... {"metadata":{"emulator":{"name":"functions"},"message":"Watching \"C:\\Users\\ikaco\\Desktop\\amazon-asus\\functions\" for Cloud Functions..."}}
[debug] [2021-02-03T00:34:53.335Z] [worker-pool] addWorker(~diagnostic~) {"metadata":{"emulator":{"name":"functions"},"message":"[worker-pool] addWorker(~diagnostic~)"}}
[debug] [2021-02-03T00:34:53.336Z] [worker-pool] Adding worker with key ~diagnostic~, total=1 {"metadata":{"emulator":{"name":"functions"},"message":"[worker-pool] Adding worker with key ~diagnostic~, total=1"}}
[debug] [2021-02-03T00:34:53.339Z] [worker-pool] submitWork(triggerId=) {"metadata":{"emulator":{"name":"functions"},"message":"[worker-pool] submitWork(triggerId=)"}}
[debug] [2021-02-03T00:34:53.341Z] [worker-~diagnostic~-57385407-382a-455d-bc53-d03df2d2661d]: Assigning socketPath: \\?\pipe\C:\Users\ikaco\Desktop\amazon-asus\functions\8604 {"metadata":{"emulator":{"name":"functions"},"message":"[worker-~diagnostic~-57385407-382a-455d-bc53-d03df2d2661d]: Assigning socketPath: \\\\?\\pipe\\C:\\Users\\ikaco\\Desktop\\amazon-asus\\functions\\8604"}}
[debug] [2021-02-03T00:34:53.341Z] [worker-~diagnostic~-57385407-382a-455d-bc53-d03df2d2661d]: BUSY {"metadata":{"emulator":{"name":"functions"},"message":"[worker-~diagnostic~-57385407-382a-455d-bc53-d03df2d2661d]: BUSY"}}
